TN:
SF:config/db.js
FN:7,(anonymous_0)
FN:46,(anonymous_1)
FN:51,(anonymous_2)
FN:56,(anonymous_3)
FN:83,(anonymous_4)
FNF:5
FNH:0
FNDA:0,(anonymous_0)
FNDA:0,(anonymous_1)
FNDA:0,(anonymous_2)
FNDA:0,(anonymous_3)
FNDA:0,(anonymous_4)
DA:1,0
DA:2,0
DA:5,0
DA:7,0
DA:8,0
DA:10,0
DA:11,0
DA:12,0
DA:13,0
DA:17,0
DA:18,0
DA:20,0
DA:21,0
DA:22,0
DA:26,0
DA:37,0
DA:38,0
DA:40,0
DA:43,0
DA:46,0
DA:47,0
DA:48,0
DA:51,0
DA:52,0
DA:53,0
DA:56,0
DA:57,0
DA:58,0
DA:62,0
DA:63,0
DA:65,0
DA:68,0
DA:69,0
DA:70,0
DA:71,0
DA:72,0
DA:73,0
DA:74,0
DA:78,0
DA:83,0
DA:84,0
DA:87,0
LF:42
LH:0
BRDA:10,0,0,0
BRDA:10,0,1,0
BRDA:18,1,0,0
BRDA:18,1,1,0
BRDA:68,2,0,0
BRDA:68,2,1,0
BRDA:70,3,0,0
BRDA:70,3,1,0
BRDA:73,4,0,0
BRDA:73,4,1,0
BRDA:84,5,0,0
BRDA:84,5,1,0
BRF:12
BRH:0
end_of_record
TN:
SF:controllers/authController.js
FN:13,(anonymous_0)
FN:196,(anonymous_1)
FN:226,(anonymous_2)
FN:315,(anonymous_3)
FN:379,(anonymous_4)
FN:407,(anonymous_5)
FN:432,(anonymous_6)
FN:483,(anonymous_7)
FNF:8
FNH:0
FNDA:0,(anonymous_0)
FNDA:0,(anonymous_1)
FNDA:0,(anonymous_2)
FNDA:0,(anonymous_3)
FNDA:0,(anonymous_4)
FNDA:0,(anonymous_5)
FNDA:0,(anonymous_6)
FNDA:0,(anonymous_7)
DA:1,0
DA:2,0
DA:3,0
DA:4,0
DA:5,0
DA:6,0
DA:7,0
DA:8,0
DA:13,0
DA:14,0
DA:15,0
DA:18,0
DA:19,0
DA:21,0
DA:22,0
DA:23,0
DA:30,0
DA:31,0
DA:32,0
DA:33,0
DA:39,0
DA:40,0
DA:43,0
DA:46,0
DA:47,0
DA:48,0
DA:55,0
DA:56,0
DA:57,0
DA:58,0
DA:59,0
DA:66,0
DA:67,0
DA:68,0
DA:69,0
DA:70,0
DA:77,0
DA:79,0
DA:81,0
DA:89,0
DA:90,0
DA:92,0
DA:93,0
DA:94,0
DA:100,0
DA:103,0
DA:105,0
DA:106,0
DA:108,0
DA:110,0
DA:111,0
DA:113,0
DA:114,0
DA:120,0
DA:124,0
DA:125,0
DA:128,0
DA:131,0
DA:132,0
DA:133,0
DA:135,0
DA:136,0
DA:145,0
DA:147,0
DA:148,0
DA:151,0
DA:152,0
DA:153,0
DA:154,0
DA:155,0
DA:157,0
DA:162,0
DA:167,0
DA:174,0
DA:177,0
DA:178,0
DA:179,0
DA:186,0
DA:187,0
DA:188,0
DA:189,0
DA:195,0
DA:196,0
DA:197,0
DA:198,0
DA:204,0
DA:205,0
DA:206,0
DA:213,0
DA:214,0
DA:226,0
DA:227,0
DA:230,0
DA:231,0
DA:232,0
DA:233,0
DA:239,0
DA:242,0
DA:243,0
DA:244,0
DA:251,0
DA:252,0
DA:253,0
DA:256,0
DA:258,0
DA:259,0
DA:260,0
DA:261,0
DA:265,0
DA:267,0
DA:268,0
DA:276,0
DA:278,0
DA:280,0
DA:281,0
DA:282,0
DA:289,0
DA:290,0
DA:292,0
DA:293,0
DA:294,0
DA:300,0
DA:301,0
DA:303,0
DA:304,0
DA:315,0
DA:316,0
DA:318,0
DA:320,0
DA:322,0
DA:323,0
DA:325,0
DA:333,0
DA:334,0
DA:335,0
DA:339,0
DA:341,0
DA:343,0
DA:348,0
DA:349,0
DA:353,0
DA:367,0
DA:368,0
DA:379,0
DA:380,0
DA:381,0
DA:383,0
DA:384,0
DA:390,0
DA:395,0
DA:396,0
DA:407,0
DA:408,0
DA:410,0
DA:411,0
DA:416,0
DA:417,0
DA:422,0
DA:423,0
DA:432,0
DA:433,0
DA:434,0
DA:437,0
DA:438,0
DA:442,0
DA:443,0
DA:445,0
DA:453,0
DA:454,0
DA:457,0
DA:471,0
DA:472,0
DA:483,0
DA:484,0
DA:486,0
DA:488,0
DA:489,0
DA:495,0
DA:497,0
DA:500,0
DA:505,0
DA:506,0
DA:508,0
DA:509,0
DA:515,0
DA:518,0
DA:520,0
DA:522,0
DA:525,0
DA:527,0
DA:535,0
DA:538,0
DA:539,0
DA:540,0
DA:541,0
DA:543,0
DA:547,0
DA:548,0
DA:551,0
DA:553,0
DA:554,0
DA:560,0
LF:202
LH:0
BRDA:18,0,0,0
BRDA:18,0,1,0
BRDA:21,1,0,0
BRDA:21,1,1,0
BRDA:31,2,0,0
BRDA:31,2,1,0
BRDA:46,3,0,0
BRDA:46,3,1,0
BRDA:46,4,0,0
BRDA:46,4,1,0
BRDA:46,4,2,0
BRDA:57,5,0,0
BRDA:57,5,1,0
BRDA:68,6,0,0
BRDA:68,6,1,0
BRDA:92,7,0,0
BRDA:92,7,1,0
BRDA:92,8,0,0
BRDA:92,8,1,0
BRDA:105,9,0,0
BRDA:105,9,1,0
BRDA:110,10,0,0
BRDA:110,10,1,0
BRDA:131,11,0,0
BRDA:131,11,1,0
BRDA:131,12,0,0
BRDA:131,12,1,0
BRDA:147,13,0,0
BRDA:147,13,1,0
BRDA:147,14,0,0
BRDA:147,14,1,0
BRDA:152,15,0,0
BRDA:152,15,1,0
BRDA:170,16,0,0
BRDA:170,16,1,0
BRDA:177,17,0,0
BRDA:177,17,1,0
BRDA:182,18,0,0
BRDA:182,18,1,0
BRDA:186,19,0,0
BRDA:186,19,1,0
BRDA:191,20,0,0
BRDA:191,20,1,0
BRDA:195,21,0,0
BRDA:195,21,1,0
BRDA:204,22,0,0
BRDA:204,22,1,0
BRDA:204,23,0,0
BRDA:204,23,1,0
BRDA:217,24,0,0
BRDA:217,24,1,0
BRDA:231,25,0,0
BRDA:231,25,1,0
BRDA:242,26,0,0
BRDA:242,26,1,0
BRDA:242,27,0,0
BRDA:242,27,1,0
BRDA:251,28,0,0
BRDA:251,28,1,0
BRDA:258,29,0,0
BRDA:258,29,1,0
BRDA:280,30,0,0
BRDA:280,30,1,0
BRDA:292,31,0,0
BRDA:292,31,1,0
BRDA:307,32,0,0
BRDA:307,32,1,0
BRDA:322,33,0,0
BRDA:322,33,1,0
BRDA:333,34,0,0
BRDA:333,34,1,0
BRDA:348,35,0,0
BRDA:348,35,1,0
BRDA:371,36,0,0
BRDA:371,36,1,0
BRDA:383,37,0,0
BRDA:383,37,1,0
BRDA:399,38,0,0
BRDA:399,38,1,0
BRDA:426,39,0,0
BRDA:426,39,1,0
BRDA:437,40,0,0
BRDA:437,40,1,0
BRDA:447,41,0,0
BRDA:447,41,1,0
BRDA:453,42,0,0
BRDA:453,42,1,0
BRDA:475,43,0,0
BRDA:475,43,1,0
BRDA:488,44,0,0
BRDA:488,44,1,0
BRDA:508,45,0,0
BRDA:508,45,1,0
BRDA:520,46,0,0
BRDA:520,46,1,0
BRDA:528,47,0,0
BRDA:528,47,1,0
BRDA:538,48,0,0
BRDA:538,48,1,0
BRDA:553,49,0,0
BRDA:553,49,1,0
BRDA:553,50,0,0
BRDA:553,50,1,0
BRDA:563,51,0,0
BRDA:563,51,1,0
BRF:105
BRH:0
end_of_record
TN:
SF:controllers/budgetController.js
FN:8,(anonymous_0)
FN:29,(anonymous_1)
FN:64,(anonymous_2)
FN:100,(anonymous_3)
FN:153,(anonymous_4)
FN:190,(anonymous_5)
FN:208,(anonymous_6)
FN:233,(anonymous_7)
FN:261,(anonymous_8)
FNF:9
FNH:0
FNDA:0,(anonymous_0)
FNDA:0,(anonymous_1)
FNDA:0,(anonymous_2)
FNDA:0,(anonymous_3)
FNDA:0,(anonymous_4)
FNDA:0,(anonymous_5)
FNDA:0,(anonymous_6)
FNDA:0,(anonymous_7)
FNDA:0,(anonymous_8)
DA:1,0
DA:2,0
DA:3,0
DA:8,0
DA:9,0
DA:10,0
DA:12,0
DA:18,0
DA:19,0
DA:29,0
DA:30,0
DA:31,0
DA:33,0
DA:34,0
DA:41,0
DA:42,0
DA:48,0
DA:53,0
DA:54,0
DA:64,0
DA:65,0
DA:66,0
DA:67,0
DA:70,0
DA:72,0
DA:74,0
DA:76,0
DA:82,0
DA:83,0
DA:89,0
DA:90,0
DA:100,0
DA:101,0
DA:102,0
DA:103,0
DA:106,0
DA:107,0
DA:109,0
DA:110,0
DA:117,0
DA:118,0
DA:124,0
DA:129,0
DA:135,0
DA:136,0
DA:142,0
DA:143,0
DA:153,0
DA:154,0
DA:155,0
DA:157,0
DA:158,0
DA:165,0
DA:166,0
DA:172,0
DA:174,0
DA:179,0
DA:180,0
DA:190,0
DA:191,0
DA:193,0
DA:195,0
DA:196,0
DA:203,0
DA:204,0
DA:205,0
DA:208,0
DA:211,0
DA:212,0
DA:213,0
DA:214,0
DA:215,0
DA:216,0
DA:217,0
DA:218,0
DA:219,0
DA:220,0
DA:223,0
DA:233,0
DA:234,0
DA:250,0
DA:251,0
DA:252,0
DA:254,0
DA:261,0
DA:267,0
DA:269,0
DA:274,0
DA:275,0
LF:89
LH:0
BRDA:33,0,0,0
BRDA:33,0,1,0
BRDA:41,1,0,0
BRDA:41,1,1,0
BRDA:41,2,0,0
BRDA:41,2,1,0
BRDA:66,3,0,0
BRDA:66,3,1,0
BRDA:82,4,0,0
BRDA:82,4,1,0
BRDA:102,5,0,0
BRDA:102,5,1,0
BRDA:109,6,0,0
BRDA:109,6,1,0
BRDA:117,7,0,0
BRDA:117,7,1,0
BRDA:117,8,0,0
BRDA:117,8,1,0
BRDA:135,9,0,0
BRDA:135,9,1,0
BRDA:157,10,0,0
BRDA:157,10,1,0
BRDA:165,11,0,0
BRDA:165,11,1,0
BRDA:165,12,0,0
BRDA:165,12,1,0
BRDA:195,13,0,0
BRDA:195,13,1,0
BRDA:211,14,0,0
BRDA:211,14,1,0
BRDA:214,15,0,0
BRDA:214,15,1,0
BRDA:218,16,0,0
BRDA:218,16,1,0
BRDA:250,17,0,0
BRDA:250,17,1,0
BRF:36
BRH:0
end_of_record
TN:
SF:controllers/currencyController.js
FN:8,(anonymous_0)
FN:36,(anonymous_1)
FN:63,(anonymous_2)
FN:111,(anonymous_3)
FN:171,(anonymous_4)
FN:208,(anonymous_5)
FN:225,(anonymous_6)
FN:226,(anonymous_7)
FN:256,(anonymous_8)
FN:315,(anonymous_9)
FN:345,(anonymous_10)
FNF:11
FNH:0
FNDA:0,(anonymous_0)
FNDA:0,(anonymous_1)
FNDA:0,(anonymous_2)
FNDA:0,(anonymous_3)
FNDA:0,(anonymous_4)
FNDA:0,(anonymous_5)
FNDA:0,(anonymous_6)
FNDA:0,(anonymous_7)
FNDA:0,(anonymous_8)
FNDA:0,(anonymous_9)
FNDA:0,(anonymous_10)
DA:1,0
DA:2,0
DA:3,0
DA:8,0
DA:9,0
DA:10,0
DA:12,0
DA:13,0
DA:14,0
DA:17,0
DA:19,0
DA:25,0
DA:26,0
DA:36,0
DA:37,0
DA:38,0
DA:40,0
DA:41,0
DA:47,0
DA:52,0
DA:53,0
DA:63,0
DA:64,0
DA:65,0
DA:66,0
DA:69,0
DA:71,0
DA:72,0
DA:73,0
DA:80,0
DA:81,0
DA:84,0
DA:85,0
DA:86,0
DA:91,0
DA:93,0
DA:95,0
DA:100,0
DA:101,0
DA:111,0
DA:112,0
DA:113,0
DA:114,0
DA:117,0
DA:118,0
DA:120,0
DA:121,0
DA:128,0
DA:129,0
DA:136,0
DA:137,0
DA:138,0
DA:140,0
DA:147,0
DA:149,0
DA:155,0
DA:160,0
DA:161,0
DA:171,0
DA:172,0
DA:173,0
DA:175,0
DA:176,0
DA:183,0
DA:184,0
DA:190,0
DA:192,0
DA:197,0
DA:198,0
DA:208,0
DA:209,0
DA:211,0
DA:213,0
DA:214,0
DA:221,0
DA:224,0
DA:225,0
DA:226,0
DA:228,0
DA:229,0
DA:236,0
DA:239,0
DA:241,0
DA:242,0
DA:248,0
DA:252,0
DA:253,0
DA:256,0
DA:257,0
DA:259,0
DA:260,0
DA:265,0
DA:266,0
DA:268,0
DA:269,0
DA:274,0
DA:280,0
DA:283,0
DA:285,0
DA:291,0
DA:297,0
DA:298,0
DA:304,0
DA:305,0
DA:315,0
DA:316,0
DA:318,0
DA:321,0
DA:322,0
DA:323,0
DA:329,0
DA:334,0
DA:335,0
DA:345,0
DA:346,0
DA:347,0
DA:349,0
DA:350,0
DA:357,0
DA:362,0
DA:363,0
DA:370,0
DA:371,0
DA:373,0
DA:378,0
DA:379,0
LF:126
LH:0
BRDA:10,0,0,0
BRDA:13,1,0,0
BRDA:13,1,1,0
BRDA:13,2,0,0
BRDA:13,2,1,0
BRDA:40,3,0,0
BRDA:40,3,1,0
BRDA:65,4,0,0
BRDA:65,4,1,0
BRDA:72,5,0,0
BRDA:72,5,1,0
BRDA:80,6,0,0
BRDA:80,6,1,0
BRDA:85,7,0,0
BRDA:85,7,1,0
BRDA:113,8,0,0
BRDA:113,8,1,0
BRDA:120,9,0,0
BRDA:120,9,1,0
BRDA:128,10,0,0
BRDA:128,10,1,0
BRDA:128,11,0,0
BRDA:128,11,1,0
BRDA:136,12,0,0
BRDA:136,12,1,0
BRDA:138,13,0,0
BRDA:138,13,1,0
BRDA:138,14,0,0
BRDA:138,14,1,0
BRDA:175,15,0,0
BRDA:175,15,1,0
BRDA:183,16,0,0
BRDA:183,16,1,0
BRDA:213,17,0,0
BRDA:213,17,1,0
BRDA:228,18,0,0
BRDA:228,18,1,0
BRDA:241,19,0,0
BRDA:241,19,1,0
BRDA:252,20,0,0
BRDA:252,20,1,0
BRDA:252,21,0,0
BRDA:252,21,1,0
BRDA:257,22,0,0
BRDA:257,22,1,0
BRDA:259,23,0,0
BRDA:259,23,1,0
BRDA:266,24,0,0
BRDA:266,24,1,0
BRDA:268,25,0,0
BRDA:268,25,1,0
BRDA:321,26,0,0
BRDA:321,26,1,0
BRDA:349,27,0,0
BRDA:349,27,1,0
BRDA:362,28,0,0
BRDA:362,28,1,0
BRF:57
BRH:0
end_of_record
TN:
SF:controllers/expenseController.js
FN:73,(anonymous_0)
FN:137,(anonymous_1)
FN:142,(anonymous_2)
FN:195,(anonymous_3)
FN:339,(anonymous_4)
FN:377,(anonymous_5)
FN:457,(anonymous_6)
FN:514,(anonymous_7)
FN:599,(anonymous_8)
FNF:9
FNH:0
FNDA:0,(anonymous_0)
FNDA:0,(anonymous_1)
FNDA:0,(anonymous_2)
FNDA:0,(anonymous_3)
FNDA:0,(anonymous_4)
FNDA:0,(anonymous_5)
FNDA:0,(anonymous_6)
FNDA:0,(anonymous_7)
FNDA:0,(anonymous_8)
DA:1,0
DA:2,0
DA:3,0
DA:4,0
DA:7,0
DA:73,0
DA:75,0
DA:76,0
DA:79,0
DA:94,0
DA:97,0
DA:98,0
DA:105,0
DA:106,0
DA:110,0
DA:111,0
DA:112,0
DA:114,0
DA:119,0
DA:121,0
DA:137,0
DA:139,0
DA:142,0
DA:144,0
DA:145,0
DA:146,0
DA:149,0
DA:156,0
DA:158,0
DA:160,0
DA:161,0
DA:162,0
DA:166,0
DA:167,0
DA:168,0
DA:171,0
DA:176,0
DA:179,0
DA:180,0
DA:188,0
DA:195,0
DA:197,0
DA:198,0
DA:201,0
DA:209,0
DA:216,0
DA:218,0
DA:221,0
DA:223,0
DA:224,0
DA:225,0
DA:232,0
DA:233,0
DA:234,0
DA:241,0
DA:242,0
DA:243,0
DA:251,0
DA:266,0
DA:267,0
DA:268,0
DA:276,0
DA:277,0
DA:280,0
DA:281,0
DA:282,0
DA:283,0
DA:285,0
DA:288,0
DA:289,0
DA:290,0
DA:292,0
DA:293,0
DA:294,0
DA:296,0
DA:297,0
DA:298,0
DA:302,0
DA:303,0
DA:307,0
DA:308,0
DA:309,0
DA:313,0
DA:315,0
DA:316,0
DA:319,0
DA:320,0
DA:321,0
DA:322,0
DA:328,0
DA:330,0
DA:335,0
DA:338,0
DA:339,0
DA:340,0
DA:343,0
DA:344,0
DA:345,0
DA:348,0
DA:356,0
DA:357,0
DA:358,0
DA:366,0
DA:377,0
DA:379,0
DA:382,0
DA:385,0
DA:392,0
DA:399,0
DA:400,0
DA:403,0
DA:405,0
DA:406,0
DA:407,0
DA:411,0
DA:412,0
DA:413,0
DA:416,0
DA:419,0
DA:420,0
DA:424,0
DA:429,0
DA:431,0
DA:436,0
DA:439,0
DA:440,0
DA:447,0
DA:457,0
DA:459,0
DA:462,0
DA:464,0
DA:471,0
DA:472,0
DA:475,0
DA:477,0
DA:478,0
DA:479,0
DA:483,0
DA:484,0
DA:485,0
DA:489,0
DA:491,0
DA:496,0
DA:499,0
DA:500,0
DA:507,0
DA:514,0
DA:516,0
DA:520,0
DA:525,0
DA:541,0
DA:561,0
DA:562,0
DA:567,0
DA:585,0
DA:599,0
DA:601,0
DA:604,0
DA:605,0
DA:612,0
DA:613,0
DA:616,0
DA:619,0
DA:620,0
DA:622,0
DA:623,0
DA:624,0
DA:626,0
DA:627,0
DA:629,0
DA:631,0
DA:632,0
LF:172
LH:0
BRDA:75,0,0,0
BRDA:75,0,1,0
BRDA:75,1,0,0
BRDA:75,1,1,0
BRDA:97,2,0,0
BRDA:97,2,1,0
BRDA:97,3,0,0
BRDA:97,3,1,0
BRDA:105,4,0,0
BRDA:105,4,1,0
BRDA:110,5,0,0
BRDA:110,5,1,0
BRDA:111,6,0,0
BRDA:111,6,1,0
BRDA:139,7,0,0
BRDA:139,7,1,0
BRDA:139,8,0,0
BRDA:139,8,1,0
BRDA:139,8,2,0
BRDA:144,9,0,0
BRDA:144,9,1,0
BRDA:160,10,0,0
BRDA:160,10,1,0
BRDA:166,11,0,0
BRDA:166,11,1,0
BRDA:179,12,0,0
BRDA:179,12,1,0
BRDA:179,13,0,0
BRDA:179,13,1,0
BRDA:197,14,0,0
BRDA:197,14,1,0
BRDA:197,15,0,0
BRDA:197,15,1,0
BRDA:223,16,0,0
BRDA:223,16,1,0
BRDA:232,17,0,0
BRDA:232,17,1,0
BRDA:232,18,0,0
BRDA:232,18,1,0
BRDA:232,18,2,0
BRDA:241,19,0,0
BRDA:241,19,1,0
BRDA:266,20,0,0
BRDA:266,20,1,0
BRDA:280,21,0,0
BRDA:280,21,1,0
BRDA:283,22,0,0
BRDA:283,22,1,0
BRDA:288,23,0,0
BRDA:288,23,1,0
BRDA:292,24,0,0
BRDA:292,24,1,0
BRDA:296,25,0,0
BRDA:296,25,1,0
BRDA:307,26,0,0
BRDA:307,26,1,0
BRDA:307,27,0,0
BRDA:307,27,1,0
BRDA:320,28,0,0
BRDA:320,28,1,0
BRDA:338,29,0,0
BRDA:338,29,1,0
BRDA:356,30,0,0
BRDA:356,30,1,0
BRDA:379,31,0,0
BRDA:379,31,1,0
BRDA:379,32,0,0
BRDA:379,32,1,0
BRDA:379,32,2,0
BRDA:405,33,0,0
BRDA:405,33,1,0
BRDA:411,34,0,0
BRDA:411,34,1,0
BRDA:419,35,0,0
BRDA:419,35,1,0
BRDA:439,36,0,0
BRDA:439,36,1,0
BRDA:439,37,0,0
BRDA:439,37,1,0
BRDA:449,38,0,0
BRDA:449,38,1,0
BRDA:459,39,0,0
BRDA:459,39,1,0
BRDA:459,40,0,0
BRDA:459,40,1,0
BRDA:459,40,2,0
BRDA:477,41,0,0
BRDA:477,41,1,0
BRDA:483,42,0,0
BRDA:483,42,1,0
BRDA:499,43,0,0
BRDA:499,43,1,0
BRDA:499,44,0,0
BRDA:499,44,1,0
BRDA:516,45,0,0
BRDA:516,45,1,0
BRDA:520,46,0,0
BRDA:520,46,1,0
BRDA:562,47,0,0
BRDA:562,47,1,0
BRDA:588,48,0,0
BRDA:588,48,1,0
BRDA:604,49,0,0
BRDA:604,49,1,0
BRDA:604,50,0,0
BRDA:604,50,1,0
BRDA:612,51,0,0
BRDA:612,51,1,0
BRF:108
BRH:0
end_of_record
TN:
SF:controllers/goalController.js
FN:7,(anonymous_0)
FN:76,(anonymous_1)
FN:111,(anonymous_2)
FN:139,(anonymous_3)
FN:184,(anonymous_4)
FN:221,(anonymous_5)
FNF:6
FNH:0
FNDA:0,(anonymous_0)
FNDA:0,(anonymous_1)
FNDA:0,(anonymous_2)
FNDA:0,(anonymous_3)
FNDA:0,(anonymous_4)
FNDA:0,(anonymous_5)
DA:1,0
DA:2,0
DA:7,0
DA:8,0
DA:10,0
DA:11,0
DA:14,0
DA:15,0
DA:19,0
DA:22,0
DA:23,0
DA:24,0
DA:26,0
DA:30,0
DA:31,0
DA:32,0
DA:33,0
DA:34,0
DA:36,0
DA:39,0
DA:42,0
DA:44,0
DA:45,0
DA:51,0
DA:52,0
DA:58,0
DA:65,0
DA:66,0
DA:76,0
DA:77,0
DA:78,0
DA:80,0
DA:81,0
DA:88,0
DA:89,0
DA:95,0
DA:100,0
DA:101,0
DA:111,0
DA:112,0
DA:113,0
DA:114,0
DA:117,0
DA:119,0
DA:121,0
DA:123,0
DA:128,0
DA:129,0
DA:139,0
DA:140,0
DA:141,0
DA:142,0
DA:145,0
DA:146,0
DA:148,0
DA:149,0
DA:156,0
DA:157,0
DA:163,0
DA:168,0
DA:173,0
DA:174,0
DA:184,0
DA:185,0
DA:186,0
DA:188,0
DA:189,0
DA:196,0
DA:197,0
DA:203,0
DA:205,0
DA:210,0
DA:211,0
DA:221,0
DA:222,0
DA:223,0
DA:225,0
DA:226,0
DA:232,0
DA:234,0
DA:235,0
DA:242,0
DA:243,0
DA:250,0
DA:253,0
DA:255,0
DA:267,0
DA:272,0
DA:273,0
LF:89
LH:0
BRDA:14,0,0,0
BRDA:14,0,1,0
BRDA:22,1,0,0
BRDA:22,1,1,0
BRDA:30,2,0,0
BRDA:30,2,1,0
BRDA:31,3,0,0
BRDA:31,3,1,0
BRDA:44,4,0,0
BRDA:44,4,1,0
BRDA:51,5,0,0
BRDA:51,5,1,0
BRDA:80,6,0,0
BRDA:80,6,1,0
BRDA:88,7,0,0
BRDA:88,7,1,0
BRDA:88,8,0,0
BRDA:88,8,1,0
BRDA:113,9,0,0
BRDA:113,9,1,0
BRDA:141,10,0,0
BRDA:141,10,1,0
BRDA:148,11,0,0
BRDA:148,11,1,0
BRDA:156,12,0,0
BRDA:156,12,1,0
BRDA:156,13,0,0
BRDA:156,13,1,0
BRDA:188,14,0,0
BRDA:188,14,1,0
BRDA:196,15,0,0
BRDA:196,15,1,0
BRDA:196,16,0,0
BRDA:196,16,1,0
BRDA:225,17,0,0
BRDA:225,17,1,0
BRDA:234,18,0,0
BRDA:234,18,1,0
BRDA:242,19,0,0
BRDA:242,19,1,0
BRDA:242,20,0,0
BRDA:242,20,1,0
BRF:42
BRH:0
end_of_record
TN:
SF:controllers/incomeController.js
FN:43,(anonymous_0)
FN:59,(anonymous_1)
FN:114,(anonymous_2)
FN:143,(anonymous_3)
FN:148,(anonymous_4)
FN:197,(anonymous_5)
FN:283,(anonymous_6)
FN:309,(anonymous_7)
FN:374,(anonymous_8)
FN:423,(anonymous_9)
FN:582,(anonymous_10)
FNF:11
FNH:0
FNDA:0,(anonymous_0)
FNDA:0,(anonymous_1)
FNDA:0,(anonymous_2)
FNDA:0,(anonymous_3)
FNDA:0,(anonymous_4)
FNDA:0,(anonymous_5)
FNDA:0,(anonymous_6)
FNDA:0,(anonymous_7)
FNDA:0,(anonymous_8)
FNDA:0,(anonymous_9)
FNDA:0,(anonymous_10)
DA:1,0
DA:2,0
DA:3,0
DA:4,0
DA:7,0
DA:43,0
DA:45,0
DA:46,0
DA:49,0
DA:59,0
DA:63,0
DA:65,0
DA:66,0
DA:69,0
DA:70,0
DA:74,0
DA:75,0
DA:76,0
DA:77,0
DA:79,0
DA:81,0
DA:82,0
DA:83,0
DA:88,0
DA:89,0
DA:93,0
DA:96,0
DA:99,0
DA:100,0
DA:101,0
DA:103,0
DA:107,0
DA:108,0
DA:111,0
DA:114,0
DA:117,0
DA:124,0
DA:132,0
DA:133,0
DA:143,0
DA:145,0
DA:148,0
DA:150,0
DA:151,0
DA:157,0
DA:163,0
DA:164,0
DA:166,0
DA:167,0
DA:174,0
DA:175,0
DA:181,0
DA:186,0
DA:187,0
DA:197,0
DA:198,0
DA:200,0
DA:201,0
DA:202,0
DA:203,0
DA:211,0
DA:214,0
DA:215,0
DA:222,0
DA:223,0
DA:224,0
DA:231,0
DA:232,0
DA:239,0
DA:240,0
DA:243,0
DA:251,0
DA:258,0
DA:264,0
DA:265,0
DA:268,0
DA:271,0
DA:272,0
DA:275,0
DA:280,0
DA:282,0
DA:283,0
DA:284,0
DA:291,0
DA:292,0
DA:298,0
DA:309,0
DA:310,0
DA:311,0
DA:312,0
DA:316,0
DA:319,0
DA:322,0
DA:329,0
DA:335,0
DA:336,0
DA:338,0
DA:339,0
DA:346,0
DA:347,0
DA:353,0
DA:358,0
DA:363,0
DA:364,0
DA:374,0
DA:376,0
DA:379,0
DA:381,0
DA:387,0
DA:388,0
DA:390,0
DA:391,0
DA:398,0
DA:399,0
DA:405,0
DA:407,0
DA:412,0
DA:413,0
DA:423,0
DA:424,0
DA:426,0
DA:427,0
DA:430,0
DA:432,0
DA:452,0
DA:459,0
DA:461,0
DA:463,0
DA:465,0
DA:466,0
DA:467,0
DA:469,0
DA:470,0
DA:473,0
DA:476,0
DA:477,0
DA:479,0
DA:483,0
DA:494,0
DA:497,0
DA:498,0
DA:499,0
DA:501,0
DA:502,0
DA:503,0
DA:504,0
DA:508,0
DA:509,0
DA:510,0
DA:514,0
DA:526,0
DA:541,0
DA:544,0
DA:555,0
DA:558,0
DA:570,0
DA:571,0
DA:582,0
DA:583,0
DA:584,0
DA:586,0
DA:587,0
DA:588,0
DA:593,0
DA:594,0
DA:595,0
DA:596,0
DA:597,0
DA:598,0
DA:600,0
DA:601,0
DA:602,0
DA:603,0
DA:605,0
DA:606,0
DA:607,0
DA:608,0
DA:614,0
DA:615,0
DA:617,0
DA:619,0
DA:620,0
DA:621,0
DA:625,0
DA:642,0
DA:643,0
DA:660,0
DA:675,0
DA:690,0
DA:691,0
DA:692,0
DA:693,0
DA:695,0
DA:712,0
DA:713,0
LF:195
LH:0
BRDA:45,0,0,0
BRDA:45,0,1,0
BRDA:45,1,0,0
BRDA:45,1,1,0
BRDA:65,2,0,0
BRDA:65,3,0,0
BRDA:69,4,0,0
BRDA:69,4,1,0
BRDA:69,5,0,0
BRDA:69,5,1,0
BRDA:74,6,0,0
BRDA:74,6,1,0
BRDA:74,7,0,0
BRDA:74,7,1,0
BRDA:76,8,0,0
BRDA:76,8,1,0
BRDA:79,9,0,0
BRDA:79,9,1,0
BRDA:88,10,0,0
BRDA:88,10,1,0
BRDA:99,11,0,0
BRDA:99,11,1,0
BRDA:145,12,0,0
BRDA:145,12,1,0
BRDA:145,13,0,0
BRDA:145,13,1,0
BRDA:145,13,2,0
BRDA:150,14,0,0
BRDA:150,14,1,0
BRDA:166,15,0,0
BRDA:166,15,1,0
BRDA:174,16,0,0
BRDA:174,16,1,0
BRDA:174,17,0,0
BRDA:174,17,1,0
BRDA:201,18,0,0
BRDA:201,18,1,0
BRDA:214,19,0,0
BRDA:214,19,1,0
BRDA:214,20,0,0
BRDA:214,20,1,0
BRDA:223,21,0,0
BRDA:223,21,1,0
BRDA:223,22,0,0
BRDA:223,22,1,0
BRDA:231,23,0,0
BRDA:231,23,1,0
BRDA:239,24,0,0
BRDA:239,24,1,0
BRDA:239,25,0,0
BRDA:239,25,1,0
BRDA:264,26,0,0
BRDA:264,26,1,0
BRDA:264,27,0,0
BRDA:264,27,1,0
BRDA:282,28,0,0
BRDA:282,28,1,0
BRDA:291,29,0,0
BRDA:291,29,1,0
BRDA:311,30,0,0
BRDA:311,30,1,0
BRDA:316,31,0,0
BRDA:316,31,1,0
BRDA:316,32,0,0
BRDA:316,32,1,0
BRDA:316,32,2,0
BRDA:338,33,0,0
BRDA:338,33,1,0
BRDA:346,34,0,0
BRDA:346,34,1,0
BRDA:346,35,0,0
BRDA:346,35,1,0
BRDA:376,36,0,0
BRDA:376,36,1,0
BRDA:376,37,0,0
BRDA:376,37,1,0
BRDA:376,37,2,0
BRDA:390,38,0,0
BRDA:390,38,1,0
BRDA:398,39,0,0
BRDA:398,39,1,0
BRDA:398,40,0,0
BRDA:398,40,1,0
BRDA:426,41,0,0
BRDA:430,42,0,0
BRDA:430,42,1,0
BRDA:430,43,0,0
BRDA:430,43,1,0
BRDA:436,44,0,0
BRDA:436,44,1,0
BRDA:463,45,0,0
BRDA:463,45,1,0
BRDA:467,46,0,0
BRDA:467,46,1,0
BRDA:476,47,0,0
BRDA:476,47,1,0
BRDA:501,48,0,0
BRDA:501,48,1,0
BRDA:504,49,0,0
BRDA:504,49,1,0
BRDA:509,50,0,0
BRDA:509,50,1,0
BRDA:510,51,0,0
BRDA:510,51,1,0
BRDA:584,52,0,0
BRDA:593,53,0,0
BRDA:593,53,1,0
BRDA:594,54,0,0
BRDA:594,54,1,0
BRDA:598,55,0,0
BRDA:598,55,1,0
BRDA:614,56,0,0
BRDA:614,56,1,0
BRDA:615,57,0,0
BRDA:615,57,1,0
BRDA:690,58,0,0
BRDA:690,58,1,0
BRDA:691,59,0,0
BRDA:691,59,1,0
BRDA:693,60,0,0
BRDA:693,60,1,0
BRF:121
BRH:0
end_of_record
TN:
SF:controllers/reminderController.js
FN:7,(anonymous_0)
FN:89,(anonymous_1)
FN:124,(anonymous_2)
FN:152,(anonymous_3)
FN:197,(anonymous_4)
FN:234,(anonymous_5)
FNF:6
FNH:0
FNDA:0,(anonymous_0)
FNDA:0,(anonymous_1)
FNDA:0,(anonymous_2)
FNDA:0,(anonymous_3)
FNDA:0,(anonymous_4)
FNDA:0,(anonymous_5)
DA:1,0
DA:2,0
DA:7,0
DA:8,0
DA:10,0
DA:11,0
DA:14,0
DA:15,0
DA:19,0
DA:20,0
DA:21,0
DA:22,0
DA:24,0
DA:28,0
DA:32,0
DA:35,0
DA:36,0
DA:37,0
DA:39,0
DA:43,0
DA:44,0
DA:45,0
DA:46,0
DA:47,0
DA:49,0
DA:52,0
DA:55,0
DA:57,0
DA:58,0
DA:64,0
DA:65,0
DA:71,0
DA:78,0
DA:79,0
DA:89,0
DA:90,0
DA:91,0
DA:93,0
DA:94,0
DA:101,0
DA:102,0
DA:108,0
DA:113,0
DA:114,0
DA:124,0
DA:125,0
DA:126,0
DA:127,0
DA:130,0
DA:132,0
DA:134,0
DA:136,0
DA:141,0
DA:142,0
DA:152,0
DA:153,0
DA:154,0
DA:155,0
DA:158,0
DA:159,0
DA:161,0
DA:162,0
DA:169,0
DA:170,0
DA:176,0
DA:181,0
DA:186,0
DA:187,0
DA:197,0
DA:198,0
DA:199,0
DA:201,0
DA:202,0
DA:209,0
DA:210,0
DA:216,0
DA:218,0
DA:223,0
DA:224,0
DA:234,0
DA:235,0
DA:236,0
DA:238,0
DA:239,0
DA:246,0
DA:247,0
DA:254,0
DA:263,0
DA:268,0
DA:269,0
LF:90
LH:0
BRDA:14,0,0,0
BRDA:14,0,1,0
BRDA:19,1,0,0
BRDA:19,1,1,0
BRDA:35,2,0,0
BRDA:35,2,1,0
BRDA:43,3,0,0
BRDA:43,3,1,0
BRDA:44,4,0,0
BRDA:44,4,1,0
BRDA:57,5,0,0
BRDA:57,5,1,0
BRDA:64,6,0,0
BRDA:64,6,1,0
BRDA:93,7,0,0
BRDA:93,7,1,0
BRDA:101,8,0,0
BRDA:101,8,1,0
BRDA:101,9,0,0
BRDA:101,9,1,0
BRDA:126,10,0,0
BRDA:126,10,1,0
BRDA:154,11,0,0
BRDA:154,11,1,0
BRDA:161,12,0,0
BRDA:161,12,1,0
BRDA:169,13,0,0
BRDA:169,13,1,0
BRDA:169,14,0,0
BRDA:169,14,1,0
BRDA:201,15,0,0
BRDA:201,15,1,0
BRDA:209,16,0,0
BRDA:209,16,1,0
BRDA:209,17,0,0
BRDA:209,17,1,0
BRDA:238,18,0,0
BRDA:238,18,1,0
BRDA:246,19,0,0
BRDA:246,19,1,0
BRDA:246,20,0,0
BRDA:246,20,1,0
BRF:42
BRH:0
end_of_record
TN:
SF:controllers/userController.js
FN:8,(anonymous_0)
FN:35,(anonymous_1)
FN:82,(anonymous_2)
FN:123,(anonymous_3)
FN:144,(anonymous_4)
FNF:5
FNH:0
FNDA:0,(anonymous_0)
FNDA:0,(anonymous_1)
FNDA:0,(anonymous_2)
FNDA:0,(anonymous_3)
FNDA:0,(anonymous_4)
DA:1,0
DA:2,0
DA:3,0
DA:8,0
DA:9,0
DA:10,0
DA:12,0
DA:13,0
DA:19,0
DA:24,0
DA:25,0
DA:35,0
DA:36,0
DA:37,0
DA:38,0
DA:41,0
DA:42,0
DA:45,0
DA:46,0
DA:47,0
DA:50,0
DA:51,0
DA:52,0
DA:53,0
DA:60,0
DA:66,0
DA:71,0
DA:72,0
DA:82,0
DA:83,0
DA:84,0
DA:85,0
DA:88,0
DA:89,0
DA:92,0
DA:95,0
DA:96,0
DA:97,0
DA:104,0
DA:105,0
DA:107,0
DA:112,0
DA:113,0
DA:123,0
DA:124,0
DA:126,0
DA:128,0
DA:133,0
DA:134,0
DA:144,0
DA:145,0
DA:146,0
DA:148,0
DA:154,0
DA:155,0
LF:55
LH:0
BRDA:12,0,0,0
BRDA:12,0,1,0
BRDA:37,1,0,0
BRDA:37,1,1,0
BRDA:46,2,0,0
BRDA:46,2,1,0
BRDA:47,3,0,0
BRDA:47,3,1,0
BRDA:50,4,0,0
BRDA:50,4,1,0
BRDA:52,5,0,0
BRDA:52,5,1,0
BRDA:84,6,0,0
BRDA:84,6,1,0
BRDA:96,7,0,0
BRDA:96,7,1,0
BRF:16
BRH:0
end_of_record
TN:
SF:middleware/authMiddleware.js
FN:5,(anonymous_0)
FN:88,(anonymous_1)
FN:89,(anonymous_2)
FNF:3
FNH:0
FNDA:0,(anonymous_0)
FNDA:0,(anonymous_1)
FNDA:0,(anonymous_2)
DA:1,0
DA:2,0
DA:5,0
DA:8,0
DA:10,0
DA:15,0
DA:18,0
DA:19,0
DA:23,0
DA:24,0
DA:25,0
DA:32,0
DA:33,0
DA:37,0
DA:38,0
DA:39,0
DA:42,0
DA:44,0
DA:45,0
DA:46,0
DA:53,0
DA:54,0
DA:56,0
DA:60,0
DA:61,0
DA:63,0
DA:65,0
DA:66,0
DA:72,0
DA:73,0
DA:79,0
DA:88,0
DA:89,0
DA:90,0
DA:91,0
DA:97,0
DA:98,0
DA:104,0
LF:38
LH:0
BRDA:10,0,0,0
BRDA:10,0,1,0
BRDA:11,1,0,0
BRDA:11,1,1,0
BRDA:18,2,0,0
BRDA:18,2,1,0
BRDA:18,3,0,0
BRDA:18,3,1,0
BRDA:23,4,0,0
BRDA:23,4,1,0
BRDA:32,5,0,0
BRDA:32,5,1,0
BRDA:38,6,0,0
BRDA:38,6,1,0
BRDA:44,7,0,0
BRDA:44,7,1,0
BRDA:53,8,0,0
BRDA:53,8,1,0
BRDA:53,9,0,0
BRDA:53,9,1,0
BRDA:65,10,0,0
BRDA:65,10,1,0
BRDA:72,11,0,0
BRDA:72,11,1,0
BRDA:82,12,0,0
BRDA:82,12,1,0
BRDA:90,13,0,0
BRDA:90,13,1,0
BRDA:97,14,0,0
BRDA:97,14,1,0
BRF:30
BRH:0
end_of_record
TN:
SF:middleware/errorHandler.js
FN:1,(anonymous_0)
FN:28,(anonymous_1)
FNF:2
FNH:0
FNDA:0,(anonymous_0)
FNDA:0,(anonymous_1)
DA:1,0
DA:3,0
DA:4,0
DA:5,0
DA:6,0
DA:7,0
DA:8,0
DA:11,0
DA:12,0
DA:13,0
DA:17,0
DA:18,0
DA:19,0
DA:27,0
DA:28,0
DA:29,0
DA:30,0
DA:38,0
DA:39,0
DA:40,0
DA:41,0
DA:49,0
DA:50,0
DA:51,0
DA:58,0
DA:59,0
DA:60,0
DA:68,0
DA:69,0
DA:70,0
DA:78,0
DA:79,0
DA:80,0
DA:88,0
DA:90,0
DA:101,0
DA:104,0
LF:37
LH:0
BRDA:6,0,0,0
BRDA:6,0,1,0
BRDA:11,1,0,0
BRDA:11,1,1,0
BRDA:11,2,0,0
BRDA:11,2,1,0
BRDA:17,3,0,0
BRDA:17,3,1,0
BRDA:27,4,0,0
BRDA:27,4,1,0
BRDA:38,5,0,0
BRDA:38,5,1,0
BRDA:49,6,0,0
BRDA:49,6,1,0
BRDA:58,7,0,0
BRDA:58,7,1,0
BRDA:68,8,0,0
BRDA:68,8,1,0
BRDA:73,9,0,0
BRDA:73,9,1,0
BRDA:78,10,0,0
BRDA:78,10,1,0
BRDA:78,11,0,0
BRDA:78,11,1,0
BRDA:83,12,0,0
BRDA:83,12,1,0
BRDA:92,13,0,0
BRDA:92,13,1,0
BRDA:96,14,0,0
BRDA:96,14,1,0
BRDA:96,15,0,0
BRDA:96,15,1,0
BRDA:101,16,0,0
BRDA:101,16,1,0
BRF:34
BRH:0
end_of_record
TN:
SF:models/Budget.js
FNF:0
FNH:0
DA:1,0
DA:3,0
DA:60,0
DA:62,0
LF:4
LH:0
BRF:0
BRH:0
end_of_record
TN:
SF:models/Currency.js
FNF:0
FNH:0
DA:1,0
DA:3,0
DA:42,0
DA:43,0
DA:45,0
LF:5
LH:0
BRF:0
BRH:0
end_of_record
TN:
SF:models/Expense.js
FN:6,(anonymous_0)
FN:87,(anonymous_1)
FNF:2
FNH:0
FNDA:0,(anonymous_0)
FNDA:0,(anonymous_1)
DA:1,0
DA:3,0
DA:8,0
DA:87,0
DA:88,0
DA:90,0
DA:91,0
DA:92,0
DA:93,0
DA:95,0
DA:96,0
DA:101,0
DA:102,0
DA:103,0
DA:105,0
LF:15
LH:0
BRDA:90,0,0,0
BRDA:90,0,1,0
BRDA:90,1,0,0
BRDA:90,1,1,0
BRF:4
BRH:0
end_of_record
TN:
SF:models/Goal.js
FN:74,(anonymous_0)
FN:81,(anonymous_1)
FNF:2
FNH:0
FNDA:0,(anonymous_0)
FNDA:0,(anonymous_1)
DA:1,0
DA:3,0
DA:71,0
DA:74,0
DA:75,0
DA:76,0
DA:77,0
DA:81,0
DA:82,0
DA:83,0
DA:85,0
DA:88,0
LF:12
LH:0
BRDA:75,0,0,0
BRDA:75,0,1,0
BRDA:82,1,0,0
BRDA:82,1,1,0
BRDA:82,2,0,0
BRDA:82,2,1,0
BRF:6
BRH:0
end_of_record
TN:
SF:models/Income.js
FN:77,(anonymous_0)
FNF:1
FNH:0
FNDA:0,(anonymous_0)
DA:1,0
DA:3,0
DA:77,0
DA:79,0
DA:80,0
DA:82,0
DA:84,0
DA:88,0
DA:90,0
LF:9
LH:0
BRDA:79,0,0,0
BRDA:79,0,1,0
BRDA:79,1,0,0
BRDA:79,1,1,0
BRF:4
BRH:0
end_of_record
TN:
SF:models/Reminder.js
FNF:0
FNH:0
DA:1,0
DA:3,0
DA:62,0
DA:64,0
LF:4
LH:0
BRF:0
BRH:0
end_of_record
TN:
SF:models/User.js
FN:64,(anonymous_0)
FN:81,(anonymous_1)
FN:106,(anonymous_2)
FN:111,(anonymous_3)
FN:133,(anonymous_4)
FNF:5
FNH:0
FNDA:0,(anonymous_0)
FNDA:0,(anonymous_1)
FNDA:0,(anonymous_2)
FNDA:0,(anonymous_3)
FNDA:0,(anonymous_4)
DA:1,0
DA:2,0
DA:3,0
DA:6,0
DA:15,0
DA:64,0
DA:65,0
DA:68,0
DA:69,0
DA:73,0
DA:74,0
DA:77,0
DA:81,0
DA:82,0
DA:84,0
DA:85,0
DA:86,0
DA:89,0
DA:92,0
DA:95,0
DA:97,0
DA:98,0
DA:100,0
DA:101,0
DA:106,0
DA:107,0
DA:111,0
DA:112,0
DA:113,0
DA:115,0
DA:116,0
DA:119,0
DA:121,0
DA:127,0
DA:128,0
DA:133,0
DA:134,0
DA:135,0
DA:137,0
DA:138,0
DA:143,0
DA:146,0
DA:148,0
LF:43
LH:0
BRDA:68,0,0,0
BRDA:68,0,1,0
BRDA:68,1,0,0
BRDA:68,1,1,0
BRDA:73,2,0,0
BRDA:73,2,1,0
BRDA:73,3,0,0
BRDA:73,3,1,0
BRDA:84,4,0,0
BRDA:84,4,1,0
BRDA:113,5,0,0
BRDA:113,5,1,0
BRDA:115,6,0,0
BRDA:115,6,1,0
BRDA:119,7,0,0
BRDA:119,7,1,0
BRF:16
BRH:0
end_of_record
TN:
SF:routes/authRoutes.js
FNF:0
FNH:0
DA:1,0
DA:2,0
DA:3,0
DA:4,0
DA:6,0
DA:11,0
DA:24,0
DA:37,0
DA:49,0
DA:54,0
DA:59,0
DA:64,0
DA:66,0
LF:13
LH:0
BRF:0
BRH:0
end_of_record
TN:
SF:routes/budgetRoutes.js
FNF:0
FNH:0
DA:1,0
DA:2,0
DA:10,0
DA:11,0
DA:13,0
DA:16,0
DA:21,0
DA:26,0
DA:31,0
DA:36,0
DA:49,0
DA:62,0
DA:64,0
LF:13
LH:0
BRF:0
BRH:0
end_of_record
TN:
SF:routes/currencyRoutes.js
FNF:0
FNH:0
DA:1,0
DA:2,0
DA:12,0
DA:13,0
DA:15,0
DA:18,0
DA:21,0
DA:26,0
DA:29,0
DA:42,0
DA:56,0
LF:11
LH:0
BRF:0
BRH:0
end_of_record
TN:
SF:routes/expenseRoutes.js
FNF:0
FNH:0
DA:1,0
DA:2,0
DA:11,0
DA:13,0
DA:16,0
DA:19,0
DA:23,0
DA:26,0
DA:29,0
DA:34,0
LF:10
LH:0
BRF:0
BRH:0
end_of_record
TN:
SF:routes/goalRoutes.js
FNF:0
FNH:0
DA:1,0
DA:2,0
DA:10,0
DA:11,0
DA:13,0
DA:16,0
DA:21,0
DA:26,0
DA:31,0
DA:45,0
DA:60,0
DA:65,0
DA:73,0
LF:13
LH:0
BRF:0
BRH:0
end_of_record
TN:
SF:routes/health.js
FN:6,(anonymous_0)
FNF:1
FNH:0
FNDA:0,(anonymous_0)
DA:1,0
DA:2,0
DA:6,0
DA:7,0
DA:14,0
LF:5
LH:0
BRF:0
BRH:0
end_of_record
TN:
SF:routes/incomeRoutes.js
FNF:0
FNH:0
DA:1,0
DA:2,0
DA:11,0
DA:12,0
DA:14,0
DA:17,0
DA:22,0
DA:27,0
DA:32,0
DA:37,0
DA:42,0
DA:56,0
DA:70,0
DA:72,0
LF:14
LH:0
BRF:0
BRH:0
end_of_record
TN:
SF:routes/reminderRoutes.js
FNF:0
FNH:0
DA:1,0
DA:2,0
DA:10,0
DA:11,0
DA:13,0
DA:16,0
DA:21,0
DA:26,0
DA:31,0
DA:45,0
DA:59,0
DA:64,0
DA:66,0
LF:13
LH:0
BRF:0
BRH:0
end_of_record
TN:
SF:routes/userRoutes.js
FNF:0
FNH:0
DA:1,0
DA:2,0
DA:9,0
DA:10,0
DA:12,0
DA:15,0
DA:20,0
DA:25,0
DA:37,0
DA:49,0
DA:54,0
DA:56,0
LF:12
LH:0
BRF:0
BRH:0
end_of_record
